d:\tcpserver-client\iocpserver\iocpserver\x64\release\vc141.pdb
d:\tcpserver-client\iocpserver\iocpserver\x64\release\timer.obj
d:\tcpserver-client\iocpserver\iocpserver\x64\release\session.obj
d:\tcpserver-client\iocpserver\iocpserver\x64\release\readbuffer.obj
d:\tcpserver-client\iocpserver\iocpserver\x64\release\object.obj
d:\tcpserver-client\iocpserver\iocpserver\x64\release\main.obj
d:\tcpserver-client\iocpserver\iocpserver\x64\release\l_auth.obj
d:\tcpserver-client\iocpserver\iocpserver\x64\release\api.obj
d:\tcpserver-client\iocpserver\iocpserver\x64\release\iocp.obj
d:\tcpserver-client\iocpserver\iocpserver\x64\release\configsetting.obj
d:\tcpserver-client\iocpserver\x64\release\iocpserver.ipdb
d:\tcpserver-client\iocpserver\x64\release\iocpserver.iobj
d:\tcpserver-client\iocpserver\x64\release\iocpserver.exe
d:\tcpserver-client\iocpserver\x64\release\iocpserver.pdb
d:\tcpserver-client\iocpserver\iocpserver\x64\release\iocpserver.tlog\cl.command.1.tlog
d:\tcpserver-client\iocpserver\iocpserver\x64\release\iocpserver.tlog\cl.read.1.tlog
d:\tcpserver-client\iocpserver\iocpserver\x64\release\iocpserver.tlog\cl.write.1.tlog
d:\tcpserver-client\iocpserver\iocpserver\x64\release\iocpserver.tlog\iocpserver.write.1u.tlog
d:\tcpserver-client\iocpserver\iocpserver\x64\release\iocpserver.tlog\link.command.1.tlog
d:\tcpserver-client\iocpserver\iocpserver\x64\release\iocpserver.tlog\link.read.1.tlog
d:\tcpserver-client\iocpserver\iocpserver\x64\release\iocpserver.tlog\link.write.1.tlog
